<?xml version="1.0" encoding="UTF-8"?>
<!-- Generated by org.testng.reporters.JUnitReportReporter -->
<testsuite hostname="EPINHYDW0220" name="com.ryanair.tests.FlightsTests" tests="1" failures="0" timestamp="4 Feb 2018 16:12:01 GMT" time="28.268" errors="0">
  <testcase name="testFlights" time="28.268" classname="com.ryanair.tests.FlightsTests"/>
</testsuite> <!-- com.ryanair.tests.FlightsTests -->
